2025-09-16 09:05:19,140 - INFO - Successfully authenticated with Chronicle API (Region: northamerica-northeast2)
2025-09-16 09:05:19,140 - INFO - Loaded 0 local detection rules
2025-09-16 09:05:19,644 - ERROR - Failed to list detections: {
  "error": {
    "code": 403,
    "message": "Permission 'chronicle.rules.list' denied on resource '//chronicle.googleapis.com/projects/siem-production-2/locations/northamerica-northeast2/instances/87bb0359-c967-420b-952c-3956c9bdc3d3' (or it may not exist).",
    "status": "PERMISSION_DENIED",
    "details": [
      {
        "@type": "type.googleapis.com/google.rpc.ErrorInfo",
        "reason": "IAM_PERMISSION_DENIED",
        "domain": "chronicle.googleapis.com",
        "metadata": {
          "resource": "projects/siem-production-2/locations/northamerica-northeast2/instances/87bb0359-c967-420b-952c-3956c9bdc3d3",
          "permission": "chronicle.rules.list"
        }
      }
    ]
  }
}

2025-09-16 09:05:25,718 - INFO - Successfully authenticated with Chronicle API (Region: northamerica-northeast2)
2025-09-16 09:05:25,724 - INFO - Loaded 27 local detection rules
2025-09-16 09:12:30,952 - INFO - Successfully authenticated with Chronicle API (Region: northamerica-northeast2)
2025-09-16 09:12:30,959 - INFO - Loaded 27 local detection rules
2025-09-16 09:15:01,001 - INFO - Successfully authenticated with Chronicle API (Region: northamerica-northeast2)
2025-09-16 09:15:01,002 - INFO - Loaded 0 local detection rules
2025-09-16 09:15:01,615 - ERROR - Failed to list detections: {
  "error": {
    "code": 403,
    "message": "Permission 'chronicle.rules.list' denied on resource '//chronicle.googleapis.com/projects/siem-production-2/locations/northamerica-northeast2/instances/87bb0359-c967-420b-952c-3956c9bdc3d3' (or it may not exist).",
    "status": "PERMISSION_DENIED",
    "details": [
      {
        "@type": "type.googleapis.com/google.rpc.ErrorInfo",
        "reason": "IAM_PERMISSION_DENIED",
        "domain": "chronicle.googleapis.com",
        "metadata": {
          "permission": "chronicle.rules.list",
          "resource": "projects/siem-production-2/locations/northamerica-northeast2/instances/87bb0359-c967-420b-952c-3956c9bdc3d3"
        }
      }
    ]
  }
}

2025-09-16 09:20:19,445 - INFO - Successfully authenticated with Chronicle API (Region: northamerica-northeast2)
2025-09-16 09:20:19,469 - INFO - Loaded 167 local detection rules
2025-09-16 09:20:19,470 - INFO - Rule syntax validation passed
2025-09-16 09:20:19,939 - ERROR - Rule verification failed: <!DOCTYPE html>
<html lang=en>
  <meta charset=utf-8>
  <meta name=viewport content="initial-scale=1, minimum-scale=1, width=device-width">
  <title>Error 404 (Not Found)!!1</title>
  <style>
    *{margin:0;padding:0}html,code{font:15px/22px arial,sans-serif}html{background:#fff;color:#222;padding:15px}body{margin:7% auto 0;max-width:390px;min-height:180px;padding:30px 0 15px}* > body{background:url(//www.google.com/images/errors/robot.png) 100% 5px no-repeat;padding-right:205px}p{margin:11px 0 22px;overflow:hidden}ins{color:#777;text-decoration:none}a img{border:0}@media screen and (max-width:772px){body{background:none;margin-top:0;max-width:none;padding-right:0}}#logo{background:url(//www.google.com/images/branding/googlelogo/1x/googlelogo_color_150x54dp.png) no-repeat;margin-left:-5px}@media only screen and (min-resolution:192dpi){#logo{background:url(//www.google.com/images/branding/googlelogo/2x/googlelogo_color_150x54dp.png) no-repeat 0% 0%/100% 100%;-moz-border-image:url(//www.google.com/images/branding/googlelogo/2x/googlelogo_color_150x54dp.png) 0}}@media only screen and (-webkit-min-device-pixel-ratio:2){#logo{background:url(//www.google.com/images/branding/googlelogo/2x/googlelogo_color_150x54dp.png) no-repeat;-webkit-background-size:100% 100%}}#logo{display:inline-block;height:54px;width:150px}
  </style>
  <a href=//www.google.com/><span id=logo aria-label=Google></span></a>
  <p><b>404.</b> <ins>That’s an error.</ins>
  <p>The requested URL <code>/v1alpha/projects/siem-production-2/locations/northamerica-northeast2/instances/87bb0359-c967-420b-952c-3956c9bdc3d3/rules:verify</code> was not found on this server.  <ins>That’s all we know.</ins>

2025-09-16 09:20:19,940 - WARNING - Rule verification endpoint not available (404), proceeding without verification
2025-09-16 09:20:20,058 - ERROR - Error creating detection: Failed to create rule: {
  "error": {
    "code": 403,
    "message": "Permission 'chronicle.rules.create' denied on resource '//chronicle.googleapis.com/projects/siem-production-2/locations/northamerica-northeast2/instances/87bb0359-c967-420b-952c-3956c9bdc3d3' (or it may not exist).",
    "status": "PERMISSION_DENIED",
    "details": [
      {
        "@type": "type.googleapis.com/google.rpc.ErrorInfo",
        "reason": "IAM_PERMISSION_DENIED",
        "domain": "chronicle.googleapis.com",
        "metadata": {
          "resource": "projects/siem-production-2/locations/northamerica-northeast2/instances/87bb0359-c967-420b-952c-3956c9bdc3d3",
          "permission": "chronicle.rules.create"
        }
      }
    ]
  }
}

2025-09-16 09:20:20,058 - ERROR - Failed to deploy google_workspace_multiple_files_sent_as_email_attachment_from_google_drive: Failed to create rule: {
  "error": {
    "code": 403,
    "message": "Permission 'chronicle.rules.create' denied on resource '//chronicle.googleapis.com/projects/siem-production-2/locations/northamerica-northeast2/instances/87bb0359-c967-420b-952c-3956c9bdc3d3' (or it may not exist).",
    "status": "PERMISSION_DENIED",
    "details": [
      {
        "@type": "type.googleapis.com/google.rpc.ErrorInfo",
        "reason": "IAM_PERMISSION_DENIED",
        "domain": "chronicle.googleapis.com",
        "metadata": {
          "resource": "projects/siem-production-2/locations/northamerica-northeast2/instances/87bb0359-c967-420b-952c-3956c9bdc3d3",
          "permission": "chronicle.rules.create"
        }
      }
    ]
  }
}

2025-09-16 09:20:20,058 - INFO - Rule syntax validation passed
2025-09-16 09:20:20,338 - ERROR - Rule verification failed: <!DOCTYPE html>
<html lang=en>
  <meta charset=utf-8>
  <meta name=viewport content="initial-scale=1, minimum-scale=1, width=device-width">
  <title>Error 404 (Not Found)!!1</title>
  <style>
    *{margin:0;padding:0}html,code{font:15px/22px arial,sans-serif}html{background:#fff;color:#222;padding:15px}body{margin:7% auto 0;max-width:390px;min-height:180px;padding:30px 0 15px}* > body{background:url(//www.google.com/images/errors/robot.png) 100% 5px no-repeat;padding-right:205px}p{margin:11px 0 22px;overflow:hidden}ins{color:#777;text-decoration:none}a img{border:0}@media screen and (max-width:772px){body{background:none;margin-top:0;max-width:none;padding-right:0}}#logo{background:url(//www.google.com/images/branding/googlelogo/1x/googlelogo_color_150x54dp.png) no-repeat;margin-left:-5px}@media only screen and (min-resolution:192dpi){#logo{background:url(//www.google.com/images/branding/googlelogo/2x/googlelogo_color_150x54dp.png) no-repeat 0% 0%/100% 100%;-moz-border-image:url(//www.google.com/images/branding/googlelogo/2x/googlelogo_color_150x54dp.png) 0}}@media only screen and (-webkit-min-device-pixel-ratio:2){#logo{background:url(//www.google.com/images/branding/googlelogo/2x/googlelogo_color_150x54dp.png) no-repeat;-webkit-background-size:100% 100%}}#logo{display:inline-block;height:54px;width:150px}
  </style>
  <a href=//www.google.com/><span id=logo aria-label=Google></span></a>
  <p><b>404.</b> <ins>That’s an error.</ins>
  <p>The requested URL <code>/v1alpha/projects/siem-production-2/locations/northamerica-northeast2/instances/87bb0359-c967-420b-952c-3956c9bdc3d3/rules:verify</code> was not found on this server.  <ins>That’s all we know.</ins>

2025-09-16 09:20:20,339 - WARNING - Rule verification endpoint not available (404), proceeding without verification
2025-09-16 09:20:20,456 - ERROR - Error creating detection: Failed to create rule: {
  "error": {
    "code": 403,
    "message": "Permission 'chronicle.rules.create' denied on resource '//chronicle.googleapis.com/projects/siem-production-2/locations/northamerica-northeast2/instances/87bb0359-c967-420b-952c-3956c9bdc3d3' (or it may not exist).",
    "status": "PERMISSION_DENIED",
    "details": [
      {
        "@type": "type.googleapis.com/google.rpc.ErrorInfo",
        "reason": "IAM_PERMISSION_DENIED",
        "domain": "chronicle.googleapis.com",
        "metadata": {
          "resource": "projects/siem-production-2/locations/northamerica-northeast2/instances/87bb0359-c967-420b-952c-3956c9bdc3d3",
          "permission": "chronicle.rules.create"
        }
      }
    ]
  }
}

2025-09-16 09:20:20,456 - ERROR - Failed to deploy google_workspace_password_policy_changed: Failed to create rule: {
  "error": {
    "code": 403,
    "message": "Permission 'chronicle.rules.create' denied on resource '//chronicle.googleapis.com/projects/siem-production-2/locations/northamerica-northeast2/instances/87bb0359-c967-420b-952c-3956c9bdc3d3' (or it may not exist).",
    "status": "PERMISSION_DENIED",
    "details": [
      {
        "@type": "type.googleapis.com/google.rpc.ErrorInfo",
        "reason": "IAM_PERMISSION_DENIED",
        "domain": "chronicle.googleapis.com",
        "metadata": {
          "resource": "projects/siem-production-2/locations/northamerica-northeast2/instances/87bb0359-c967-420b-952c-3956c9bdc3d3",
          "permission": "chronicle.rules.create"
        }
      }
    ]
  }
}

2025-09-16 09:20:20,456 - INFO - Rule syntax validation passed
2025-09-16 09:20:20,541 - ERROR - Rule verification failed: <!DOCTYPE html>
<html lang=en>
  <meta charset=utf-8>
  <meta name=viewport content="initial-scale=1, minimum-scale=1, width=device-width">
  <title>Error 404 (Not Found)!!1</title>
  <style>
    *{margin:0;padding:0}html,code{font:15px/22px arial,sans-serif}html{background:#fff;color:#222;padding:15px}body{margin:7% auto 0;max-width:390px;min-height:180px;padding:30px 0 15px}* > body{background:url(//www.google.com/images/errors/robot.png) 100% 5px no-repeat;padding-right:205px}p{margin:11px 0 22px;overflow:hidden}ins{color:#777;text-decoration:none}a img{border:0}@media screen and (max-width:772px){body{background:none;margin-top:0;max-width:none;padding-right:0}}#logo{background:url(//www.google.com/images/branding/googlelogo/1x/googlelogo_color_150x54dp.png) no-repeat;margin-left:-5px}@media only screen and (min-resolution:192dpi){#logo{background:url(//www.google.com/images/branding/googlelogo/2x/googlelogo_color_150x54dp.png) no-repeat 0% 0%/100% 100%;-moz-border-image:url(//www.google.com/images/branding/googlelogo/2x/googlelogo_color_150x54dp.png) 0}}@media only screen and (-webkit-min-device-pixel-ratio:2){#logo{background:url(//www.google.com/images/branding/googlelogo/2x/googlelogo_color_150x54dp.png) no-repeat;-webkit-background-size:100% 100%}}#logo{display:inline-block;height:54px;width:150px}
  </style>
  <a href=//www.google.com/><span id=logo aria-label=Google></span></a>
  <p><b>404.</b> <ins>That’s an error.</ins>
  <p>The requested URL <code>/v1alpha/projects/siem-production-2/locations/northamerica-northeast2/instances/87bb0359-c967-420b-952c-3956c9bdc3d3/rules:verify</code> was not found on this server.  <ins>That’s all we know.</ins>

2025-09-16 09:20:20,541 - WARNING - Rule verification endpoint not available (404), proceeding without verification
2025-09-16 09:20:21,635 - ERROR - Error creating detection: Failed to create rule: {
  "error": {
    "code": 403,
    "message": "Permission 'chronicle.rules.create' denied on resource '//chronicle.googleapis.com/projects/siem-production-2/locations/northamerica-northeast2/instances/87bb0359-c967-420b-952c-3956c9bdc3d3' (or it may not exist).",
    "status": "PERMISSION_DENIED",
    "details": [
      {
        "@type": "type.googleapis.com/google.rpc.ErrorInfo",
        "reason": "IAM_PERMISSION_DENIED",
        "domain": "chronicle.googleapis.com",
        "metadata": {
          "resource": "projects/siem-production-2/locations/northamerica-northeast2/instances/87bb0359-c967-420b-952c-3956c9bdc3d3",
          "permission": "chronicle.rules.create"
        }
      }
    ]
  }
}

2025-09-16 09:20:21,635 - ERROR - Failed to deploy google_workspace_mfa_disabled: Failed to create rule: {
  "error": {
    "code": 403,
    "message": "Permission 'chronicle.rules.create' denied on resource '//chronicle.googleapis.com/projects/siem-production-2/locations/northamerica-northeast2/instances/87bb0359-c967-420b-952c-3956c9bdc3d3' (or it may not exist).",
    "status": "PERMISSION_DENIED",
    "details": [
      {
        "@type": "type.googleapis.com/google.rpc.ErrorInfo",
        "reason": "IAM_PERMISSION_DENIED",
        "domain": "chronicle.googleapis.com",
        "metadata": {
          "resource": "projects/siem-production-2/locations/northamerica-northeast2/instances/87bb0359-c967-420b-952c-3956c9bdc3d3",
          "permission": "chronicle.rules.create"
        }
      }
    ]
  }
}

2025-09-16 09:20:21,636 - INFO - Rule syntax validation passed
2025-09-16 09:20:21,723 - ERROR - Rule verification failed: <!DOCTYPE html>
<html lang=en>
  <meta charset=utf-8>
  <meta name=viewport content="initial-scale=1, minimum-scale=1, width=device-width">
  <title>Error 404 (Not Found)!!1</title>
  <style>
    *{margin:0;padding:0}html,code{font:15px/22px arial,sans-serif}html{background:#fff;color:#222;padding:15px}body{margin:7% auto 0;max-width:390px;min-height:180px;padding:30px 0 15px}* > body{background:url(//www.google.com/images/errors/robot.png) 100% 5px no-repeat;padding-right:205px}p{margin:11px 0 22px;overflow:hidden}ins{color:#777;text-decoration:none}a img{border:0}@media screen and (max-width:772px){body{background:none;margin-top:0;max-width:none;padding-right:0}}#logo{background:url(//www.google.com/images/branding/googlelogo/1x/googlelogo_color_150x54dp.png) no-repeat;margin-left:-5px}@media only screen and (min-resolution:192dpi){#logo{background:url(//www.google.com/images/branding/googlelogo/2x/googlelogo_color_150x54dp.png) no-repeat 0% 0%/100% 100%;-moz-border-image:url(//www.google.com/images/branding/googlelogo/2x/googlelogo_color_150x54dp.png) 0}}@media only screen and (-webkit-min-device-pixel-ratio:2){#logo{background:url(//www.google.com/images/branding/googlelogo/2x/googlelogo_color_150x54dp.png) no-repeat;-webkit-background-size:100% 100%}}#logo{display:inline-block;height:54px;width:150px}
  </style>
  <a href=//www.google.com/><span id=logo aria-label=Google></span></a>
  <p><b>404.</b> <ins>That’s an error.</ins>
  <p>The requested URL <code>/v1alpha/projects/siem-production-2/locations/northamerica-northeast2/instances/87bb0359-c967-420b-952c-3956c9bdc3d3/rules:verify</code> was not found on this server.  <ins>That’s all we know.</ins>

2025-09-16 09:20:21,723 - WARNING - Rule verification endpoint not available (404), proceeding without verification
2025-09-16 09:20:22,863 - ERROR - Error creating detection: Failed to create rule: {
  "error": {
    "code": 403,
    "message": "Permission 'chronicle.rules.create' denied on resource '//chronicle.googleapis.com/projects/siem-production-2/locations/northamerica-northeast2/instances/87bb0359-c967-420b-952c-3956c9bdc3d3' (or it may not exist).",
    "status": "PERMISSION_DENIED",
    "details": [
      {
        "@type": "type.googleapis.com/google.rpc.ErrorInfo",
        "reason": "IAM_PERMISSION_DENIED",
        "domain": "chronicle.googleapis.com",
        "metadata": {
          "permission": "chronicle.rules.create",
          "resource": "projects/siem-production-2/locations/northamerica-northeast2/instances/87bb0359-c967-420b-952c-3956c9bdc3d3"
        }
      }
    ]
  }
}

2025-09-16 09:20:22,863 - ERROR - Failed to deploy gmail_spike_in_undeliverables: Failed to create rule: {
  "error": {
    "code": 403,
    "message": "Permission 'chronicle.rules.create' denied on resource '//chronicle.googleapis.com/projects/siem-production-2/locations/northamerica-northeast2/instances/87bb0359-c967-420b-952c-3956c9bdc3d3' (or it may not exist).",
    "status": "PERMISSION_DENIED",
    "details": [
      {
        "@type": "type.googleapis.com/google.rpc.ErrorInfo",
        "reason": "IAM_PERMISSION_DENIED",
        "domain": "chronicle.googleapis.com",
        "metadata": {
          "permission": "chronicle.rules.create",
          "resource": "projects/siem-production-2/locations/northamerica-northeast2/instances/87bb0359-c967-420b-952c-3956c9bdc3d3"
        }
      }
    ]
  }
}

2025-09-16 09:20:22,863 - INFO - Rule syntax validation passed
2025-09-16 09:20:22,949 - ERROR - Rule verification failed: <!DOCTYPE html>
<html lang=en>
  <meta charset=utf-8>
  <meta name=viewport content="initial-scale=1, minimum-scale=1, width=device-width">
  <title>Error 404 (Not Found)!!1</title>
  <style>
    *{margin:0;padding:0}html,code{font:15px/22px arial,sans-serif}html{background:#fff;color:#222;padding:15px}body{margin:7% auto 0;max-width:390px;min-height:180px;padding:30px 0 15px}* > body{background:url(//www.google.com/images/errors/robot.png) 100% 5px no-repeat;padding-right:205px}p{margin:11px 0 22px;overflow:hidden}ins{color:#777;text-decoration:none}a img{border:0}@media screen and (max-width:772px){body{background:none;margin-top:0;max-width:none;padding-right:0}}#logo{background:url(//www.google.com/images/branding/googlelogo/1x/googlelogo_color_150x54dp.png) no-repeat;margin-left:-5px}@media only screen and (min-resolution:192dpi){#logo{background:url(//www.google.com/images/branding/googlelogo/2x/googlelogo_color_150x54dp.png) no-repeat 0% 0%/100% 100%;-moz-border-image:url(//www.google.com/images/branding/googlelogo/2x/googlelogo_color_150x54dp.png) 0}}@media only screen and (-webkit-min-device-pixel-ratio:2){#logo{background:url(//www.google.com/images/branding/googlelogo/2x/googlelogo_color_150x54dp.png) no-repeat;-webkit-background-size:100% 100%}}#logo{display:inline-block;height:54px;width:150px}
  </style>
  <a href=//www.google.com/><span id=logo aria-label=Google></span></a>
  <p><b>404.</b> <ins>That’s an error.</ins>
  <p>The requested URL <code>/v1alpha/projects/siem-production-2/locations/northamerica-northeast2/instances/87bb0359-c967-420b-952c-3956c9bdc3d3/rules:verify</code> was not found on this server.  <ins>That’s all we know.</ins>

2025-09-16 09:20:22,949 - WARNING - Rule verification endpoint not available (404), proceeding without verification
2025-09-16 09:20:24,091 - ERROR - Error creating detection: Failed to create rule: {
  "error": {
    "code": 403,
    "message": "Permission 'chronicle.rules.create' denied on resource '//chronicle.googleapis.com/projects/siem-production-2/locations/northamerica-northeast2/instances/87bb0359-c967-420b-952c-3956c9bdc3d3' (or it may not exist).",
    "status": "PERMISSION_DENIED",
    "details": [
      {
        "@type": "type.googleapis.com/google.rpc.ErrorInfo",
        "reason": "IAM_PERMISSION_DENIED",
        "domain": "chronicle.googleapis.com",
        "metadata": {
          "resource": "projects/siem-production-2/locations/northamerica-northeast2/instances/87bb0359-c967-420b-952c-3956c9bdc3d3",
          "permission": "chronicle.rules.create"
        }
      }
    ]
  }
}

2025-09-16 09:20:24,091 - ERROR - Failed to deploy google_workspace_suspicious_login_and_google_drive_file_download: Failed to create rule: {
  "error": {
    "code": 403,
    "message": "Permission 'chronicle.rules.create' denied on resource '//chronicle.googleapis.com/projects/siem-production-2/locations/northamerica-northeast2/instances/87bb0359-c967-420b-952c-3956c9bdc3d3' (or it may not exist).",
    "status": "PERMISSION_DENIED",
    "details": [
      {
        "@type": "type.googleapis.com/google.rpc.ErrorInfo",
        "reason": "IAM_PERMISSION_DENIED",
        "domain": "chronicle.googleapis.com",
        "metadata": {
          "resource": "projects/siem-production-2/locations/northamerica-northeast2/instances/87bb0359-c967-420b-952c-3956c9bdc3d3",
          "permission": "chronicle.rules.create"
        }
      }
    ]
  }
}

2025-09-16 09:20:24,091 - INFO - Rule syntax validation passed
2025-09-16 09:20:24,177 - ERROR - Rule verification failed: <!DOCTYPE html>
<html lang=en>
  <meta charset=utf-8>
  <meta name=viewport content="initial-scale=1, minimum-scale=1, width=device-width">
  <title>Error 404 (Not Found)!!1</title>
  <style>
    *{margin:0;padding:0}html,code{font:15px/22px arial,sans-serif}html{background:#fff;color:#222;padding:15px}body{margin:7% auto 0;max-width:390px;min-height:180px;padding:30px 0 15px}* > body{background:url(//www.google.com/images/errors/robot.png) 100% 5px no-repeat;padding-right:205px}p{margin:11px 0 22px;overflow:hidden}ins{color:#777;text-decoration:none}a img{border:0}@media screen and (max-width:772px){body{background:none;margin-top:0;max-width:none;padding-right:0}}#logo{background:url(//www.google.com/images/branding/googlelogo/1x/googlelogo_color_150x54dp.png) no-repeat;margin-left:-5px}@media only screen and (min-resolution:192dpi){#logo{background:url(//www.google.com/images/branding/googlelogo/2x/googlelogo_color_150x54dp.png) no-repeat 0% 0%/100% 100%;-moz-border-image:url(//www.google.com/images/branding/googlelogo/2x/googlelogo_color_150x54dp.png) 0}}@media only screen and (-webkit-min-device-pixel-ratio:2){#logo{background:url(//www.google.com/images/branding/googlelogo/2x/googlelogo_color_150x54dp.png) no-repeat;-webkit-background-size:100% 100%}}#logo{display:inline-block;height:54px;width:150px}
  </style>
  <a href=//www.google.com/><span id=logo aria-label=Google></span></a>
  <p><b>404.</b> <ins>That’s an error.</ins>
  <p>The requested URL <code>/v1alpha/projects/siem-production-2/locations/northamerica-northeast2/instances/87bb0359-c967-420b-952c-3956c9bdc3d3/rules:verify</code> was not found on this server.  <ins>That’s all we know.</ins>

2025-09-16 09:20:24,177 - WARNING - Rule verification endpoint not available (404), proceeding without verification
2025-09-16 09:20:25,321 - ERROR - Error creating detection: Failed to create rule: {
  "error": {
    "code": 403,
    "message": "Permission 'chronicle.rules.create' denied on resource '//chronicle.googleapis.com/projects/siem-production-2/locations/northamerica-northeast2/instances/87bb0359-c967-420b-952c-3956c9bdc3d3' (or it may not exist).",
    "status": "PERMISSION_DENIED",
    "details": [
      {
        "@type": "type.googleapis.com/google.rpc.ErrorInfo",
        "reason": "IAM_PERMISSION_DENIED",
        "domain": "chronicle.googleapis.com",
        "metadata": {
          "permission": "chronicle.rules.create",
          "resource": "projects/siem-production-2/locations/northamerica-northeast2/instances/87bb0359-c967-420b-952c-3956c9bdc3d3"
        }
      }
    ]
  }
}

2025-09-16 09:20:25,321 - ERROR - Failed to deploy google_workspace_saml_idp_configuration_change: Failed to create rule: {
  "error": {
    "code": 403,
    "message": "Permission 'chronicle.rules.create' denied on resource '//chronicle.googleapis.com/projects/siem-production-2/locations/northamerica-northeast2/instances/87bb0359-c967-420b-952c-3956c9bdc3d3' (or it may not exist).",
    "status": "PERMISSION_DENIED",
    "details": [
      {
        "@type": "type.googleapis.com/google.rpc.ErrorInfo",
        "reason": "IAM_PERMISSION_DENIED",
        "domain": "chronicle.googleapis.com",
        "metadata": {
          "permission": "chronicle.rules.create",
          "resource": "projects/siem-production-2/locations/northamerica-northeast2/instances/87bb0359-c967-420b-952c-3956c9bdc3d3"
        }
      }
    ]
  }
}

2025-09-16 09:20:25,321 - INFO - Rule syntax validation passed
2025-09-16 09:20:25,414 - ERROR - Rule verification failed: <!DOCTYPE html>
<html lang=en>
  <meta charset=utf-8>
  <meta name=viewport content="initial-scale=1, minimum-scale=1, width=device-width">
  <title>Error 404 (Not Found)!!1</title>
  <style>
    *{margin:0;padding:0}html,code{font:15px/22px arial,sans-serif}html{background:#fff;color:#222;padding:15px}body{margin:7% auto 0;max-width:390px;min-height:180px;padding:30px 0 15px}* > body{background:url(//www.google.com/images/errors/robot.png) 100% 5px no-repeat;padding-right:205px}p{margin:11px 0 22px;overflow:hidden}ins{color:#777;text-decoration:none}a img{border:0}@media screen and (max-width:772px){body{background:none;margin-top:0;max-width:none;padding-right:0}}#logo{background:url(//www.google.com/images/branding/googlelogo/1x/googlelogo_color_150x54dp.png) no-repeat;margin-left:-5px}@media only screen and (min-resolution:192dpi){#logo{background:url(//www.google.com/images/branding/googlelogo/2x/googlelogo_color_150x54dp.png) no-repeat 0% 0%/100% 100%;-moz-border-image:url(//www.google.com/images/branding/googlelogo/2x/googlelogo_color_150x54dp.png) 0}}@media only screen and (-webkit-min-device-pixel-ratio:2){#logo{background:url(//www.google.com/images/branding/googlelogo/2x/googlelogo_color_150x54dp.png) no-repeat;-webkit-background-size:100% 100%}}#logo{display:inline-block;height:54px;width:150px}
  </style>
  <a href=//www.google.com/><span id=logo aria-label=Google></span></a>
  <p><b>404.</b> <ins>That’s an error.</ins>
  <p>The requested URL <code>/v1alpha/projects/siem-production-2/locations/northamerica-northeast2/instances/87bb0359-c967-420b-952c-3956c9bdc3d3/rules:verify</code> was not found on this server.  <ins>That’s all we know.</ins>

2025-09-16 09:20:25,414 - WARNING - Rule verification endpoint not available (404), proceeding without verification
2025-09-16 09:20:25,506 - ERROR - Error creating detection: Failed to create rule: {
  "error": {
    "code": 403,
    "message": "Permission 'chronicle.rules.create' denied on resource '//chronicle.googleapis.com/projects/siem-production-2/locations/northamerica-northeast2/instances/87bb0359-c967-420b-952c-3956c9bdc3d3' (or it may not exist).",
    "status": "PERMISSION_DENIED",
    "details": [
      {
        "@type": "type.googleapis.com/google.rpc.ErrorInfo",
        "reason": "IAM_PERMISSION_DENIED",
        "domain": "chronicle.googleapis.com",
        "metadata": {
          "resource": "projects/siem-production-2/locations/northamerica-northeast2/instances/87bb0359-c967-420b-952c-3956c9bdc3d3",
          "permission": "chronicle.rules.create"
        }
      }
    ]
  }
}

2025-09-16 09:20:25,506 - ERROR - Failed to deploy google_workspace_admin_role_assignment: Failed to create rule: {
  "error": {
    "code": 403,
    "message": "Permission 'chronicle.rules.create' denied on resource '//chronicle.googleapis.com/projects/siem-production-2/locations/northamerica-northeast2/instances/87bb0359-c967-420b-952c-3956c9bdc3d3' (or it may not exist).",
    "status": "PERMISSION_DENIED",
    "details": [
      {
        "@type": "type.googleapis.com/google.rpc.ErrorInfo",
        "reason": "IAM_PERMISSION_DENIED",
        "domain": "chronicle.googleapis.com",
        "metadata": {
          "resource": "projects/siem-production-2/locations/northamerica-northeast2/instances/87bb0359-c967-420b-952c-3956c9bdc3d3",
          "permission": "chronicle.rules.create"
        }
      }
    ]
  }
}

2025-09-16 09:20:25,506 - INFO - Rule syntax validation passed
2025-09-16 09:20:25,592 - ERROR - Rule verification failed: <!DOCTYPE html>
<html lang=en>
  <meta charset=utf-8>
  <meta name=viewport content="initial-scale=1, minimum-scale=1, width=device-width">
  <title>Error 404 (Not Found)!!1</title>
  <style>
    *{margin:0;padding:0}html,code{font:15px/22px arial,sans-serif}html{background:#fff;color:#222;padding:15px}body{margin:7% auto 0;max-width:390px;min-height:180px;padding:30px 0 15px}* > body{background:url(//www.google.com/images/errors/robot.png) 100% 5px no-repeat;padding-right:205px}p{margin:11px 0 22px;overflow:hidden}ins{color:#777;text-decoration:none}a img{border:0}@media screen and (max-width:772px){body{background:none;margin-top:0;max-width:none;padding-right:0}}#logo{background:url(//www.google.com/images/branding/googlelogo/1x/googlelogo_color_150x54dp.png) no-repeat;margin-left:-5px}@media only screen and (min-resolution:192dpi){#logo{background:url(//www.google.com/images/branding/googlelogo/2x/googlelogo_color_150x54dp.png) no-repeat 0% 0%/100% 100%;-moz-border-image:url(//www.google.com/images/branding/googlelogo/2x/googlelogo_color_150x54dp.png) 0}}@media only screen and (-webkit-min-device-pixel-ratio:2){#logo{background:url(//www.google.com/images/branding/googlelogo/2x/googlelogo_color_150x54dp.png) no-repeat;-webkit-background-size:100% 100%}}#logo{display:inline-block;height:54px;width:150px}
  </style>
  <a href=//www.google.com/><span id=logo aria-label=Google></span></a>
  <p><b>404.</b> <ins>That’s an error.</ins>
  <p>The requested URL <code>/v1alpha/projects/siem-production-2/locations/northamerica-northeast2/instances/87bb0359-c967-420b-952c-3956c9bdc3d3/rules:verify</code> was not found on this server.  <ins>That’s all we know.</ins>

2025-09-16 09:20:25,592 - WARNING - Rule verification endpoint not available (404), proceeding without verification
2025-09-16 09:20:26,661 - ERROR - Error creating detection: Failed to create rule: {
  "error": {
    "code": 403,
    "message": "Permission 'chronicle.rules.create' denied on resource '//chronicle.googleapis.com/projects/siem-production-2/locations/northamerica-northeast2/instances/87bb0359-c967-420b-952c-3956c9bdc3d3' (or it may not exist).",
    "status": "PERMISSION_DENIED",
    "details": [
      {
        "@type": "type.googleapis.com/google.rpc.ErrorInfo",
        "reason": "IAM_PERMISSION_DENIED",
        "domain": "chronicle.googleapis.com",
        "metadata": {
          "resource": "projects/siem-production-2/locations/northamerica-northeast2/instances/87bb0359-c967-420b-952c-3956c9bdc3d3",
          "permission": "chronicle.rules.create"
        }
      }
    ]
  }
}

2025-09-16 09:20:26,661 - ERROR - Failed to deploy google_workspace_marketplace_allowlist_configuration: Failed to create rule: {
  "error": {
    "code": 403,
    "message": "Permission 'chronicle.rules.create' denied on resource '//chronicle.googleapis.com/projects/siem-production-2/locations/northamerica-northeast2/instances/87bb0359-c967-420b-952c-3956c9bdc3d3' (or it may not exist).",
    "status": "PERMISSION_DENIED",
    "details": [
      {
        "@type": "type.googleapis.com/google.rpc.ErrorInfo",
        "reason": "IAM_PERMISSION_DENIED",
        "domain": "chronicle.googleapis.com",
        "metadata": {
          "resource": "projects/siem-production-2/locations/northamerica-northeast2/instances/87bb0359-c967-420b-952c-3956c9bdc3d3",
          "permission": "chronicle.rules.create"
        }
      }
    ]
  }
}

2025-09-16 09:20:26,661 - INFO - Rule syntax validation passed
2025-09-16 09:20:26,746 - ERROR - Rule verification failed: <!DOCTYPE html>
<html lang=en>
  <meta charset=utf-8>
  <meta name=viewport content="initial-scale=1, minimum-scale=1, width=device-width">
  <title>Error 404 (Not Found)!!1</title>
  <style>
    *{margin:0;padding:0}html,code{font:15px/22px arial,sans-serif}html{background:#fff;color:#222;padding:15px}body{margin:7% auto 0;max-width:390px;min-height:180px;padding:30px 0 15px}* > body{background:url(//www.google.com/images/errors/robot.png) 100% 5px no-repeat;padding-right:205px}p{margin:11px 0 22px;overflow:hidden}ins{color:#777;text-decoration:none}a img{border:0}@media screen and (max-width:772px){body{background:none;margin-top:0;max-width:none;padding-right:0}}#logo{background:url(//www.google.com/images/branding/googlelogo/1x/googlelogo_color_150x54dp.png) no-repeat;margin-left:-5px}@media only screen and (min-resolution:192dpi){#logo{background:url(//www.google.com/images/branding/googlelogo/2x/googlelogo_color_150x54dp.png) no-repeat 0% 0%/100% 100%;-moz-border-image:url(//www.google.com/images/branding/googlelogo/2x/googlelogo_color_150x54dp.png) 0}}@media only screen and (-webkit-min-device-pixel-ratio:2){#logo{background:url(//www.google.com/images/branding/googlelogo/2x/googlelogo_color_150x54dp.png) no-repeat;-webkit-background-size:100% 100%}}#logo{display:inline-block;height:54px;width:150px}
  </style>
  <a href=//www.google.com/><span id=logo aria-label=Google></span></a>
  <p><b>404.</b> <ins>That’s an error.</ins>
  <p>The requested URL <code>/v1alpha/projects/siem-production-2/locations/northamerica-northeast2/instances/87bb0359-c967-420b-952c-3956c9bdc3d3/rules:verify</code> was not found on this server.  <ins>That’s all we know.</ins>

2025-09-16 09:20:26,746 - WARNING - Rule verification endpoint not available (404), proceeding without verification
2025-09-16 09:20:27,819 - ERROR - Error creating detection: Failed to create rule: {
  "error": {
    "code": 403,
    "message": "Permission 'chronicle.rules.create' denied on resource '//chronicle.googleapis.com/projects/siem-production-2/locations/northamerica-northeast2/instances/87bb0359-c967-420b-952c-3956c9bdc3d3' (or it may not exist).",
    "status": "PERMISSION_DENIED",
    "details": [
      {
        "@type": "type.googleapis.com/google.rpc.ErrorInfo",
        "reason": "IAM_PERMISSION_DENIED",
        "domain": "chronicle.googleapis.com",
        "metadata": {
          "resource": "projects/siem-production-2/locations/northamerica-northeast2/instances/87bb0359-c967-420b-952c-3956c9bdc3d3",
          "permission": "chronicle.rules.create"
        }
      }
    ]
  }
}

2025-09-16 09:20:27,819 - ERROR - Failed to deploy google_workspace_alerts_aggregated_by_severity: Failed to create rule: {
  "error": {
    "code": 403,
    "message": "Permission 'chronicle.rules.create' denied on resource '//chronicle.googleapis.com/projects/siem-production-2/locations/northamerica-northeast2/instances/87bb0359-c967-420b-952c-3956c9bdc3d3' (or it may not exist).",
    "status": "PERMISSION_DENIED",
    "details": [
      {
        "@type": "type.googleapis.com/google.rpc.ErrorInfo",
        "reason": "IAM_PERMISSION_DENIED",
        "domain": "chronicle.googleapis.com",
        "metadata": {
          "resource": "projects/siem-production-2/locations/northamerica-northeast2/instances/87bb0359-c967-420b-952c-3956c9bdc3d3",
          "permission": "chronicle.rules.create"
        }
      }
    ]
  }
}

2025-09-16 09:20:27,819 - INFO - Rule syntax validation passed
2025-09-16 09:20:27,910 - ERROR - Rule verification failed: <!DOCTYPE html>
<html lang=en>
  <meta charset=utf-8>
  <meta name=viewport content="initial-scale=1, minimum-scale=1, width=device-width">
  <title>Error 404 (Not Found)!!1</title>
  <style>
    *{margin:0;padding:0}html,code{font:15px/22px arial,sans-serif}html{background:#fff;color:#222;padding:15px}body{margin:7% auto 0;max-width:390px;min-height:180px;padding:30px 0 15px}* > body{background:url(//www.google.com/images/errors/robot.png) 100% 5px no-repeat;padding-right:205px}p{margin:11px 0 22px;overflow:hidden}ins{color:#777;text-decoration:none}a img{border:0}@media screen and (max-width:772px){body{background:none;margin-top:0;max-width:none;padding-right:0}}#logo{background:url(//www.google.com/images/branding/googlelogo/1x/googlelogo_color_150x54dp.png) no-repeat;margin-left:-5px}@media only screen and (min-resolution:192dpi){#logo{background:url(//www.google.com/images/branding/googlelogo/2x/googlelogo_color_150x54dp.png) no-repeat 0% 0%/100% 100%;-moz-border-image:url(//www.google.com/images/branding/googlelogo/2x/googlelogo_color_150x54dp.png) 0}}@media only screen and (-webkit-min-device-pixel-ratio:2){#logo{background:url(//www.google.com/images/branding/googlelogo/2x/googlelogo_color_150x54dp.png) no-repeat;-webkit-background-size:100% 100%}}#logo{display:inline-block;height:54px;width:150px}
  </style>
  <a href=//www.google.com/><span id=logo aria-label=Google></span></a>
  <p><b>404.</b> <ins>That’s an error.</ins>
  <p>The requested URL <code>/v1alpha/projects/siem-production-2/locations/northamerica-northeast2/instances/87bb0359-c967-420b-952c-3956c9bdc3d3/rules:verify</code> was not found on this server.  <ins>That’s all we know.</ins>

2025-09-16 09:20:27,910 - WARNING - Rule verification endpoint not available (404), proceeding without verification
2025-09-16 09:20:28,002 - ERROR - Error creating detection: Failed to create rule: {
  "error": {
    "code": 403,
    "message": "Permission 'chronicle.rules.create' denied on resource '//chronicle.googleapis.com/projects/siem-production-2/locations/northamerica-northeast2/instances/87bb0359-c967-420b-952c-3956c9bdc3d3' (or it may not exist).",
    "status": "PERMISSION_DENIED",
    "details": [
      {
        "@type": "type.googleapis.com/google.rpc.ErrorInfo",
        "reason": "IAM_PERMISSION_DENIED",
        "domain": "chronicle.googleapis.com",
        "metadata": {
          "resource": "projects/siem-production-2/locations/northamerica-northeast2/instances/87bb0359-c967-420b-952c-3956c9bdc3d3",
          "permission": "chronicle.rules.create"
        }
      }
    ]
  }
}

2025-09-16 09:20:28,003 - ERROR - Failed to deploy google_workspace_new_trusted_domain_added: Failed to create rule: {
  "error": {
    "code": 403,
    "message": "Permission 'chronicle.rules.create' denied on resource '//chronicle.googleapis.com/projects/siem-production-2/locations/northamerica-northeast2/instances/87bb0359-c967-420b-952c-3956c9bdc3d3' (or it may not exist).",
    "status": "PERMISSION_DENIED",
    "details": [
      {
        "@type": "type.googleapis.com/google.rpc.ErrorInfo",
        "reason": "IAM_PERMISSION_DENIED",
        "domain": "chronicle.googleapis.com",
        "metadata": {
          "resource": "projects/siem-production-2/locations/northamerica-northeast2/instances/87bb0359-c967-420b-952c-3956c9bdc3d3",
          "permission": "chronicle.rules.create"
        }
      }
    ]
  }
}

2025-09-16 09:20:28,003 - INFO - Rule syntax validation passed
2025-09-16 09:20:28,087 - ERROR - Rule verification failed: <!DOCTYPE html>
<html lang=en>
  <meta charset=utf-8>
  <meta name=viewport content="initial-scale=1, minimum-scale=1, width=device-width">
  <title>Error 404 (Not Found)!!1</title>
  <style>
    *{margin:0;padding:0}html,code{font:15px/22px arial,sans-serif}html{background:#fff;color:#222;padding:15px}body{margin:7% auto 0;max-width:390px;min-height:180px;padding:30px 0 15px}* > body{background:url(//www.google.com/images/errors/robot.png) 100% 5px no-repeat;padding-right:205px}p{margin:11px 0 22px;overflow:hidden}ins{color:#777;text-decoration:none}a img{border:0}@media screen and (max-width:772px){body{background:none;margin-top:0;max-width:none;padding-right:0}}#logo{background:url(//www.google.com/images/branding/googlelogo/1x/googlelogo_color_150x54dp.png) no-repeat;margin-left:-5px}@media only screen and (min-resolution:192dpi){#logo{background:url(//www.google.com/images/branding/googlelogo/2x/googlelogo_color_150x54dp.png) no-repeat 0% 0%/100% 100%;-moz-border-image:url(//www.google.com/images/branding/googlelogo/2x/googlelogo_color_150x54dp.png) 0}}@media only screen and (-webkit-min-device-pixel-ratio:2){#logo{background:url(//www.google.com/images/branding/googlelogo/2x/googlelogo_color_150x54dp.png) no-repeat;-webkit-background-size:100% 100%}}#logo{display:inline-block;height:54px;width:150px}
  </style>
  <a href=//www.google.com/><span id=logo aria-label=Google></span></a>
  <p><b>404.</b> <ins>That’s an error.</ins>
  <p>The requested URL <code>/v1alpha/projects/siem-production-2/locations/northamerica-northeast2/instances/87bb0359-c967-420b-952c-3956c9bdc3d3/rules:verify</code> was not found on this server.  <ins>That’s all we know.</ins>

2025-09-16 09:20:28,087 - WARNING - Rule verification endpoint not available (404), proceeding without verification
2025-09-16 09:20:29,159 - ERROR - Error creating detection: Failed to create rule: {
  "error": {
    "code": 403,
    "message": "Permission 'chronicle.rules.create' denied on resource '//chronicle.googleapis.com/projects/siem-production-2/locations/northamerica-northeast2/instances/87bb0359-c967-420b-952c-3956c9bdc3d3' (or it may not exist).",
    "status": "PERMISSION_DENIED",
    "details": [
      {
        "@type": "type.googleapis.com/google.rpc.ErrorInfo",
        "reason": "IAM_PERMISSION_DENIED",
        "domain": "chronicle.googleapis.com",
        "metadata": {
          "resource": "projects/siem-production-2/locations/northamerica-northeast2/instances/87bb0359-c967-420b-952c-3956c9bdc3d3",
          "permission": "chronicle.rules.create"
        }
      }
    ]
  }
}

2025-09-16 09:20:29,160 - ERROR - Failed to deploy google_workspace_suspicious_login_and_google_drive_file_share: Failed to create rule: {
  "error": {
    "code": 403,
    "message": "Permission 'chronicle.rules.create' denied on resource '//chronicle.googleapis.com/projects/siem-production-2/locations/northamerica-northeast2/instances/87bb0359-c967-420b-952c-3956c9bdc3d3' (or it may not exist).",
    "status": "PERMISSION_DENIED",
    "details": [
      {
        "@type": "type.googleapis.com/google.rpc.ErrorInfo",
        "reason": "IAM_PERMISSION_DENIED",
        "domain": "chronicle.googleapis.com",
        "metadata": {
          "resource": "projects/siem-production-2/locations/northamerica-northeast2/instances/87bb0359-c967-420b-952c-3956c9bdc3d3",
          "permission": "chronicle.rules.create"
        }
      }
    ]
  }
}

2025-09-16 09:20:29,160 - INFO - Rule syntax validation passed
2025-09-16 09:20:29,246 - ERROR - Rule verification failed: <!DOCTYPE html>
<html lang=en>
  <meta charset=utf-8>
  <meta name=viewport content="initial-scale=1, minimum-scale=1, width=device-width">
  <title>Error 404 (Not Found)!!1</title>
  <style>
    *{margin:0;padding:0}html,code{font:15px/22px arial,sans-serif}html{background:#fff;color:#222;padding:15px}body{margin:7% auto 0;max-width:390px;min-height:180px;padding:30px 0 15px}* > body{background:url(//www.google.com/images/errors/robot.png) 100% 5px no-repeat;padding-right:205px}p{margin:11px 0 22px;overflow:hidden}ins{color:#777;text-decoration:none}a img{border:0}@media screen and (max-width:772px){body{background:none;margin-top:0;max-width:none;padding-right:0}}#logo{background:url(//www.google.com/images/branding/googlelogo/1x/googlelogo_color_150x54dp.png) no-repeat;margin-left:-5px}@media only screen and (min-resolution:192dpi){#logo{background:url(//www.google.com/images/branding/googlelogo/2x/googlelogo_color_150x54dp.png) no-repeat 0% 0%/100% 100%;-moz-border-image:url(//www.google.com/images/branding/googlelogo/2x/googlelogo_color_150x54dp.png) 0}}@media only screen and (-webkit-min-device-pixel-ratio:2){#logo{background:url(//www.google.com/images/branding/googlelogo/2x/googlelogo_color_150x54dp.png) no-repeat;-webkit-background-size:100% 100%}}#logo{display:inline-block;height:54px;width:150px}
  </style>
  <a href=//www.google.com/><span id=logo aria-label=Google></span></a>
  <p><b>404.</b> <ins>That’s an error.</ins>
  <p>The requested URL <code>/v1alpha/projects/siem-production-2/locations/northamerica-northeast2/instances/87bb0359-c967-420b-952c-3956c9bdc3d3/rules:verify</code> was not found on this server.  <ins>That’s all we know.</ins>

2025-09-16 09:20:29,247 - WARNING - Rule verification endpoint not available (404), proceeding without verification
2025-09-16 09:20:30,338 - ERROR - Error creating detection: Failed to create rule: {
  "error": {
    "code": 403,
    "message": "Permission 'chronicle.rules.create' denied on resource '//chronicle.googleapis.com/projects/siem-production-2/locations/northamerica-northeast2/instances/87bb0359-c967-420b-952c-3956c9bdc3d3' (or it may not exist).",
    "status": "PERMISSION_DENIED",
    "details": [
      {
        "@type": "type.googleapis.com/google.rpc.ErrorInfo",
        "reason": "IAM_PERMISSION_DENIED",
        "domain": "chronicle.googleapis.com",
        "metadata": {
          "resource": "projects/siem-production-2/locations/northamerica-northeast2/instances/87bb0359-c967-420b-952c-3956c9bdc3d3",
          "permission": "chronicle.rules.create"
        }
      }
    ]
  }
}

2025-09-16 09:20:30,338 - ERROR - Failed to deploy google_workspace_multiple_files_deleted_from_google_drive: Failed to create rule: {
  "error": {
    "code": 403,
    "message": "Permission 'chronicle.rules.create' denied on resource '//chronicle.googleapis.com/projects/siem-production-2/locations/northamerica-northeast2/instances/87bb0359-c967-420b-952c-3956c9bdc3d3' (or it may not exist).",
    "status": "PERMISSION_DENIED",
    "details": [
      {
        "@type": "type.googleapis.com/google.rpc.ErrorInfo",
        "reason": "IAM_PERMISSION_DENIED",
        "domain": "chronicle.googleapis.com",
        "metadata": {
          "resource": "projects/siem-production-2/locations/northamerica-northeast2/instances/87bb0359-c967-420b-952c-3956c9bdc3d3",
          "permission": "chronicle.rules.create"
        }
      }
    ]
  }
}

2025-09-16 09:20:30,338 - INFO - Rule syntax validation passed
2025-09-16 09:20:30,425 - ERROR - Rule verification failed: <!DOCTYPE html>
<html lang=en>
  <meta charset=utf-8>
  <meta name=viewport content="initial-scale=1, minimum-scale=1, width=device-width">
  <title>Error 404 (Not Found)!!1</title>
  <style>
    *{margin:0;padding:0}html,code{font:15px/22px arial,sans-serif}html{background:#fff;color:#222;padding:15px}body{margin:7% auto 0;max-width:390px;min-height:180px;padding:30px 0 15px}* > body{background:url(//www.google.com/images/errors/robot.png) 100% 5px no-repeat;padding-right:205px}p{margin:11px 0 22px;overflow:hidden}ins{color:#777;text-decoration:none}a img{border:0}@media screen and (max-width:772px){body{background:none;margin-top:0;max-width:none;padding-right:0}}#logo{background:url(//www.google.com/images/branding/googlelogo/1x/googlelogo_color_150x54dp.png) no-repeat;margin-left:-5px}@media only screen and (min-resolution:192dpi){#logo{background:url(//www.google.com/images/branding/googlelogo/2x/googlelogo_color_150x54dp.png) no-repeat 0% 0%/100% 100%;-moz-border-image:url(//www.google.com/images/branding/googlelogo/2x/googlelogo_color_150x54dp.png) 0}}@media only screen and (-webkit-min-device-pixel-ratio:2){#logo{background:url(//www.google.com/images/branding/googlelogo/2x/googlelogo_color_150x54dp.png) no-repeat;-webkit-background-size:100% 100%}}#logo{display:inline-block;height:54px;width:150px}
  </style>
  <a href=//www.google.com/><span id=logo aria-label=Google></span></a>
  <p><b>404.</b> <ins>That’s an error.</ins>
  <p>The requested URL <code>/v1alpha/projects/siem-production-2/locations/northamerica-northeast2/instances/87bb0359-c967-420b-952c-3956c9bdc3d3/rules:verify</code> was not found on this server.  <ins>That’s all we know.</ins>

2025-09-16 09:20:30,425 - WARNING - Rule verification endpoint not available (404), proceeding without verification
2025-09-16 09:20:31,497 - ERROR - Error creating detection: Failed to create rule: {
  "error": {
    "code": 403,
    "message": "Permission 'chronicle.rules.create' denied on resource '//chronicle.googleapis.com/projects/siem-production-2/locations/northamerica-northeast2/instances/87bb0359-c967-420b-952c-3956c9bdc3d3' (or it may not exist).",
    "status": "PERMISSION_DENIED",
    "details": [
      {
        "@type": "type.googleapis.com/google.rpc.ErrorInfo",
        "reason": "IAM_PERMISSION_DENIED",
        "domain": "chronicle.googleapis.com",
        "metadata": {
          "resource": "projects/siem-production-2/locations/northamerica-northeast2/instances/87bb0359-c967-420b-952c-3956c9bdc3d3",
          "permission": "chronicle.rules.create"
        }
      }
    ]
  }
}

2025-09-16 09:20:31,497 - ERROR - Failed to deploy google_workspace_user_ou_changed: Failed to create rule: {
  "error": {
    "code": 403,
    "message": "Permission 'chronicle.rules.create' denied on resource '//chronicle.googleapis.com/projects/siem-production-2/locations/northamerica-northeast2/instances/87bb0359-c967-420b-952c-3956c9bdc3d3' (or it may not exist).",
    "status": "PERMISSION_DENIED",
    "details": [
      {
        "@type": "type.googleapis.com/google.rpc.ErrorInfo",
        "reason": "IAM_PERMISSION_DENIED",
        "domain": "chronicle.googleapis.com",
        "metadata": {
          "resource": "projects/siem-production-2/locations/northamerica-northeast2/instances/87bb0359-c967-420b-952c-3956c9bdc3d3",
          "permission": "chronicle.rules.create"
        }
      }
    ]
  }
}

2025-09-16 09:20:31,497 - INFO - Rule syntax validation passed
2025-09-16 09:20:31,588 - ERROR - Rule verification failed: <!DOCTYPE html>
<html lang=en>
  <meta charset=utf-8>
  <meta name=viewport content="initial-scale=1, minimum-scale=1, width=device-width">
  <title>Error 404 (Not Found)!!1</title>
  <style>
    *{margin:0;padding:0}html,code{font:15px/22px arial,sans-serif}html{background:#fff;color:#222;padding:15px}body{margin:7% auto 0;max-width:390px;min-height:180px;padding:30px 0 15px}* > body{background:url(//www.google.com/images/errors/robot.png) 100% 5px no-repeat;padding-right:205px}p{margin:11px 0 22px;overflow:hidden}ins{color:#777;text-decoration:none}a img{border:0}@media screen and (max-width:772px){body{background:none;margin-top:0;max-width:none;padding-right:0}}#logo{background:url(//www.google.com/images/branding/googlelogo/1x/googlelogo_color_150x54dp.png) no-repeat;margin-left:-5px}@media only screen and (min-resolution:192dpi){#logo{background:url(//www.google.com/images/branding/googlelogo/2x/googlelogo_color_150x54dp.png) no-repeat 0% 0%/100% 100%;-moz-border-image:url(//www.google.com/images/branding/googlelogo/2x/googlelogo_color_150x54dp.png) 0}}@media only screen and (-webkit-min-device-pixel-ratio:2){#logo{background:url(//www.google.com/images/branding/googlelogo/2x/googlelogo_color_150x54dp.png) no-repeat;-webkit-background-size:100% 100%}}#logo{display:inline-block;height:54px;width:150px}
  </style>
  <a href=//www.google.com/><span id=logo aria-label=Google></span></a>
  <p><b>404.</b> <ins>That’s an error.</ins>
  <p>The requested URL <code>/v1alpha/projects/siem-production-2/locations/northamerica-northeast2/instances/87bb0359-c967-420b-952c-3956c9bdc3d3/rules:verify</code> was not found on this server.  <ins>That’s all we know.</ins>

2025-09-16 09:20:31,589 - WARNING - Rule verification endpoint not available (404), proceeding without verification
2025-09-16 09:20:31,772 - ERROR - Error creating detection: Failed to create rule: {
  "error": {
    "code": 403,
    "message": "Permission 'chronicle.rules.create' denied on resource '//chronicle.googleapis.com/projects/siem-production-2/locations/northamerica-northeast2/instances/87bb0359-c967-420b-952c-3956c9bdc3d3' (or it may not exist).",
    "status": "PERMISSION_DENIED",
    "details": [
      {
        "@type": "type.googleapis.com/google.rpc.ErrorInfo",
        "reason": "IAM_PERMISSION_DENIED",
        "domain": "chronicle.googleapis.com",
        "metadata": {
          "resource": "projects/siem-production-2/locations/northamerica-northeast2/instances/87bb0359-c967-420b-952c-3956c9bdc3d3",
          "permission": "chronicle.rules.create"
        }
      }
    ]
  }
}

2025-09-16 09:20:31,772 - ERROR - Failed to deploy google_workspace_malicious_file_downloaded: Failed to create rule: {
  "error": {
    "code": 403,
    "message": "Permission 'chronicle.rules.create' denied on resource '//chronicle.googleapis.com/projects/siem-production-2/locations/northamerica-northeast2/instances/87bb0359-c967-420b-952c-3956c9bdc3d3' (or it may not exist).",
    "status": "PERMISSION_DENIED",
    "details": [
      {
        "@type": "type.googleapis.com/google.rpc.ErrorInfo",
        "reason": "IAM_PERMISSION_DENIED",
        "domain": "chronicle.googleapis.com",
        "metadata": {
          "resource": "projects/siem-production-2/locations/northamerica-northeast2/instances/87bb0359-c967-420b-952c-3956c9bdc3d3",
          "permission": "chronicle.rules.create"
        }
      }
    ]
  }
}

2025-09-16 09:20:31,772 - INFO - Rule syntax validation passed
2025-09-16 09:20:31,862 - ERROR - Rule verification failed: <!DOCTYPE html>
<html lang=en>
  <meta charset=utf-8>
  <meta name=viewport content="initial-scale=1, minimum-scale=1, width=device-width">
  <title>Error 404 (Not Found)!!1</title>
  <style>
    *{margin:0;padding:0}html,code{font:15px/22px arial,sans-serif}html{background:#fff;color:#222;padding:15px}body{margin:7% auto 0;max-width:390px;min-height:180px;padding:30px 0 15px}* > body{background:url(//www.google.com/images/errors/robot.png) 100% 5px no-repeat;padding-right:205px}p{margin:11px 0 22px;overflow:hidden}ins{color:#777;text-decoration:none}a img{border:0}@media screen and (max-width:772px){body{background:none;margin-top:0;max-width:none;padding-right:0}}#logo{background:url(//www.google.com/images/branding/googlelogo/1x/googlelogo_color_150x54dp.png) no-repeat;margin-left:-5px}@media only screen and (min-resolution:192dpi){#logo{background:url(//www.google.com/images/branding/googlelogo/2x/googlelogo_color_150x54dp.png) no-repeat 0% 0%/100% 100%;-moz-border-image:url(//www.google.com/images/branding/googlelogo/2x/googlelogo_color_150x54dp.png) 0}}@media only screen and (-webkit-min-device-pixel-ratio:2){#logo{background:url(//www.google.com/images/branding/googlelogo/2x/googlelogo_color_150x54dp.png) no-repeat;-webkit-background-size:100% 100%}}#logo{display:inline-block;height:54px;width:150px}
  </style>
  <a href=//www.google.com/><span id=logo aria-label=Google></span></a>
  <p><b>404.</b> <ins>That’s an error.</ins>
  <p>The requested URL <code>/v1alpha/projects/siem-production-2/locations/northamerica-northeast2/instances/87bb0359-c967-420b-952c-3956c9bdc3d3/rules:verify</code> was not found on this server.  <ins>That’s all we know.</ins>

2025-09-16 09:20:31,863 - WARNING - Rule verification endpoint not available (404), proceeding without verification
2025-09-16 09:20:31,961 - ERROR - Error creating detection: Failed to create rule: {
  "error": {
    "code": 403,
    "message": "Permission 'chronicle.rules.create' denied on resource '//chronicle.googleapis.com/projects/siem-production-2/locations/northamerica-northeast2/instances/87bb0359-c967-420b-952c-3956c9bdc3d3' (or it may not exist).",
    "status": "PERMISSION_DENIED",
    "details": [
      {
        "@type": "type.googleapis.com/google.rpc.ErrorInfo",
        "reason": "IAM_PERMISSION_DENIED",
        "domain": "chronicle.googleapis.com",
        "metadata": {
          "resource": "projects/siem-production-2/locations/northamerica-northeast2/instances/87bb0359-c967-420b-952c-3956c9bdc3d3",
          "permission": "chronicle.rules.create"
        }
      }
    ]
  }
}

2025-09-16 09:20:31,961 - ERROR - Failed to deploy google_workspace_application_added: Failed to create rule: {
  "error": {
    "code": 403,
    "message": "Permission 'chronicle.rules.create' denied on resource '//chronicle.googleapis.com/projects/siem-production-2/locations/northamerica-northeast2/instances/87bb0359-c967-420b-952c-3956c9bdc3d3' (or it may not exist).",
    "status": "PERMISSION_DENIED",
    "details": [
      {
        "@type": "type.googleapis.com/google.rpc.ErrorInfo",
        "reason": "IAM_PERMISSION_DENIED",
        "domain": "chronicle.googleapis.com",
        "metadata": {
          "resource": "projects/siem-production-2/locations/northamerica-northeast2/instances/87bb0359-c967-420b-952c-3956c9bdc3d3",
          "permission": "chronicle.rules.create"
        }
      }
    ]
  }
}

2025-09-16 09:20:31,961 - INFO - Rule syntax validation passed
2025-09-16 09:20:32,053 - ERROR - Rule verification failed: <!DOCTYPE html>
<html lang=en>
  <meta charset=utf-8>
  <meta name=viewport content="initial-scale=1, minimum-scale=1, width=device-width">
  <title>Error 404 (Not Found)!!1</title>
  <style>
    *{margin:0;padding:0}html,code{font:15px/22px arial,sans-serif}html{background:#fff;color:#222;padding:15px}body{margin:7% auto 0;max-width:390px;min-height:180px;padding:30px 0 15px}* > body{background:url(//www.google.com/images/errors/robot.png) 100% 5px no-repeat;padding-right:205px}p{margin:11px 0 22px;overflow:hidden}ins{color:#777;text-decoration:none}a img{border:0}@media screen and (max-width:772px){body{background:none;margin-top:0;max-width:none;padding-right:0}}#logo{background:url(//www.google.com/images/branding/googlelogo/1x/googlelogo_color_150x54dp.png) no-repeat;margin-left:-5px}@media only screen and (min-resolution:192dpi){#logo{background:url(//www.google.com/images/branding/googlelogo/2x/googlelogo_color_150x54dp.png) no-repeat 0% 0%/100% 100%;-moz-border-image:url(//www.google.com/images/branding/googlelogo/2x/googlelogo_color_150x54dp.png) 0}}@media only screen and (-webkit-min-device-pixel-ratio:2){#logo{background:url(//www.google.com/images/branding/googlelogo/2x/googlelogo_color_150x54dp.png) no-repeat;-webkit-background-size:100% 100%}}#logo{display:inline-block;height:54px;width:150px}
  </style>
  <a href=//www.google.com/><span id=logo aria-label=Google></span></a>
  <p><b>404.</b> <ins>That’s an error.</ins>
  <p>The requested URL <code>/v1alpha/projects/siem-production-2/locations/northamerica-northeast2/instances/87bb0359-c967-420b-952c-3956c9bdc3d3/rules:verify</code> was not found on this server.  <ins>That’s all we know.</ins>

2025-09-16 09:20:32,054 - WARNING - Rule verification endpoint not available (404), proceeding without verification
2025-09-16 09:20:32,149 - ERROR - Error creating detection: Failed to create rule: {
  "error": {
    "code": 403,
    "message": "Permission 'chronicle.rules.create' denied on resource '//chronicle.googleapis.com/projects/siem-production-2/locations/northamerica-northeast2/instances/87bb0359-c967-420b-952c-3956c9bdc3d3' (or it may not exist).",
    "status": "PERMISSION_DENIED",
    "details": [
      {
        "@type": "type.googleapis.com/google.rpc.ErrorInfo",
        "reason": "IAM_PERMISSION_DENIED",
        "domain": "chronicle.googleapis.com",
        "metadata": {
          "resource": "projects/siem-production-2/locations/northamerica-northeast2/instances/87bb0359-c967-420b-952c-3956c9bdc3d3",
          "permission": "chronicle.rules.create"
        }
      }
    ]
  }
}

2025-09-16 09:20:32,149 - ERROR - Failed to deploy google_workspace_external_user_added_to_group: Failed to create rule: {
  "error": {
    "code": 403,
    "message": "Permission 'chronicle.rules.create' denied on resource '//chronicle.googleapis.com/projects/siem-production-2/locations/northamerica-northeast2/instances/87bb0359-c967-420b-952c-3956c9bdc3d3' (or it may not exist).",
    "status": "PERMISSION_DENIED",
    "details": [
      {
        "@type": "type.googleapis.com/google.rpc.ErrorInfo",
        "reason": "IAM_PERMISSION_DENIED",
        "domain": "chronicle.googleapis.com",
        "metadata": {
          "resource": "projects/siem-production-2/locations/northamerica-northeast2/instances/87bb0359-c967-420b-952c-3956c9bdc3d3",
          "permission": "chronicle.rules.create"
        }
      }
    ]
  }
}

2025-09-16 09:20:32,149 - INFO - Rule syntax validation passed
2025-09-16 09:20:32,282 - ERROR - Rule verification failed: <!DOCTYPE html>
<html lang=en>
  <meta charset=utf-8>
  <meta name=viewport content="initial-scale=1, minimum-scale=1, width=device-width">
  <title>Error 404 (Not Found)!!1</title>
  <style>
    *{margin:0;padding:0}html,code{font:15px/22px arial,sans-serif}html{background:#fff;color:#222;padding:15px}body{margin:7% auto 0;max-width:390px;min-height:180px;padding:30px 0 15px}* > body{background:url(//www.google.com/images/errors/robot.png) 100% 5px no-repeat;padding-right:205px}p{margin:11px 0 22px;overflow:hidden}ins{color:#777;text-decoration:none}a img{border:0}@media screen and (max-width:772px){body{background:none;margin-top:0;max-width:none;padding-right:0}}#logo{background:url(//www.google.com/images/branding/googlelogo/1x/googlelogo_color_150x54dp.png) no-repeat;margin-left:-5px}@media only screen and (min-resolution:192dpi){#logo{background:url(//www.google.com/images/branding/googlelogo/2x/googlelogo_color_150x54dp.png) no-repeat 0% 0%/100% 100%;-moz-border-image:url(//www.google.com/images/branding/googlelogo/2x/googlelogo_color_150x54dp.png) 0}}@media only screen and (-webkit-min-device-pixel-ratio:2){#logo{background:url(//www.google.com/images/branding/googlelogo/2x/googlelogo_color_150x54dp.png) no-repeat;-webkit-background-size:100% 100%}}#logo{display:inline-block;height:54px;width:150px}
  </style>
  <a href=//www.google.com/><span id=logo aria-label=Google></span></a>
  <p><b>404.</b> <ins>That’s an error.</ins>
  <p>The requested URL <code>/v1alpha/projects/siem-production-2/locations/northamerica-northeast2/instances/87bb0359-c967-420b-952c-3956c9bdc3d3/rules:verify</code> was not found on this server.  <ins>That’s all we know.</ins>

2025-09-16 09:20:32,283 - WARNING - Rule verification endpoint not available (404), proceeding without verification
2025-09-16 09:20:32,374 - ERROR - Error creating detection: Failed to create rule: {
  "error": {
    "code": 403,
    "message": "Permission 'chronicle.rules.create' denied on resource '//chronicle.googleapis.com/projects/siem-production-2/locations/northamerica-northeast2/instances/87bb0359-c967-420b-952c-3956c9bdc3d3' (or it may not exist).",
    "status": "PERMISSION_DENIED",
    "details": [
      {
        "@type": "type.googleapis.com/google.rpc.ErrorInfo",
        "reason": "IAM_PERMISSION_DENIED",
        "domain": "chronicle.googleapis.com",
        "metadata": {
          "permission": "chronicle.rules.create",
          "resource": "projects/siem-production-2/locations/northamerica-northeast2/instances/87bb0359-c967-420b-952c-3956c9bdc3d3"
        }
      }
    ]
  }
}

2025-09-16 09:20:32,374 - ERROR - Failed to deploy google_workspace_ownership_transferred_on_google_drive: Failed to create rule: {
  "error": {
    "code": 403,
    "message": "Permission 'chronicle.rules.create' denied on resource '//chronicle.googleapis.com/projects/siem-production-2/locations/northamerica-northeast2/instances/87bb0359-c967-420b-952c-3956c9bdc3d3' (or it may not exist).",
    "status": "PERMISSION_DENIED",
    "details": [
      {
        "@type": "type.googleapis.com/google.rpc.ErrorInfo",
        "reason": "IAM_PERMISSION_DENIED",
        "domain": "chronicle.googleapis.com",
        "metadata": {
          "permission": "chronicle.rules.create",
          "resource": "projects/siem-production-2/locations/northamerica-northeast2/instances/87bb0359-c967-420b-952c-3956c9bdc3d3"
        }
      }
    ]
  }
}

2025-09-16 09:20:32,374 - INFO - Rule syntax validation passed
2025-09-16 09:20:32,462 - ERROR - Rule verification failed: <!DOCTYPE html>
<html lang=en>
  <meta charset=utf-8>
  <meta name=viewport content="initial-scale=1, minimum-scale=1, width=device-width">
  <title>Error 404 (Not Found)!!1</title>
  <style>
    *{margin:0;padding:0}html,code{font:15px/22px arial,sans-serif}html{background:#fff;color:#222;padding:15px}body{margin:7% auto 0;max-width:390px;min-height:180px;padding:30px 0 15px}* > body{background:url(//www.google.com/images/errors/robot.png) 100% 5px no-repeat;padding-right:205px}p{margin:11px 0 22px;overflow:hidden}ins{color:#777;text-decoration:none}a img{border:0}@media screen and (max-width:772px){body{background:none;margin-top:0;max-width:none;padding-right:0}}#logo{background:url(//www.google.com/images/branding/googlelogo/1x/googlelogo_color_150x54dp.png) no-repeat;margin-left:-5px}@media only screen and (min-resolution:192dpi){#logo{background:url(//www.google.com/images/branding/googlelogo/2x/googlelogo_color_150x54dp.png) no-repeat 0% 0%/100% 100%;-moz-border-image:url(//www.google.com/images/branding/googlelogo/2x/googlelogo_color_150x54dp.png) 0}}@media only screen and (-webkit-min-device-pixel-ratio:2){#logo{background:url(//www.google.com/images/branding/googlelogo/2x/googlelogo_color_150x54dp.png) no-repeat;-webkit-background-size:100% 100%}}#logo{display:inline-block;height:54px;width:150px}
  </style>
  <a href=//www.google.com/><span id=logo aria-label=Google></span></a>
  <p><b>404.</b> <ins>That’s an error.</ins>
  <p>The requested URL <code>/v1alpha/projects/siem-production-2/locations/northamerica-northeast2/instances/87bb0359-c967-420b-952c-3956c9bdc3d3/rules:verify</code> was not found on this server.  <ins>That’s all we know.</ins>

2025-09-16 09:20:32,462 - WARNING - Rule verification endpoint not available (404), proceeding without verification
2025-09-16 09:20:33,532 - ERROR - Error creating detection: Failed to create rule: {
  "error": {
    "code": 403,
    "message": "Permission 'chronicle.rules.create' denied on resource '//chronicle.googleapis.com/projects/siem-production-2/locations/northamerica-northeast2/instances/87bb0359-c967-420b-952c-3956c9bdc3d3' (or it may not exist).",
    "status": "PERMISSION_DENIED",
    "details": [
      {
        "@type": "type.googleapis.com/google.rpc.ErrorInfo",
        "reason": "IAM_PERMISSION_DENIED",
        "domain": "chronicle.googleapis.com",
        "metadata": {
          "resource": "projects/siem-production-2/locations/northamerica-northeast2/instances/87bb0359-c967-420b-952c-3956c9bdc3d3",
          "permission": "chronicle.rules.create"
        }
      }
    ]
  }
}

2025-09-16 09:20:33,533 - ERROR - Failed to deploy google_workspace_file_shared_from_google_drive_to_free_email_domain: Failed to create rule: {
  "error": {
    "code": 403,
    "message": "Permission 'chronicle.rules.create' denied on resource '//chronicle.googleapis.com/projects/siem-production-2/locations/northamerica-northeast2/instances/87bb0359-c967-420b-952c-3956c9bdc3d3' (or it may not exist).",
    "status": "PERMISSION_DENIED",
    "details": [
      {
        "@type": "type.googleapis.com/google.rpc.ErrorInfo",
        "reason": "IAM_PERMISSION_DENIED",
        "domain": "chronicle.googleapis.com",
        "metadata": {
          "resource": "projects/siem-production-2/locations/northamerica-northeast2/instances/87bb0359-c967-420b-952c-3956c9bdc3d3",
          "permission": "chronicle.rules.create"
        }
      }
    ]
  }
}

2025-09-16 09:20:33,533 - INFO - Rule syntax validation passed
2025-09-16 09:20:33,618 - ERROR - Rule verification failed: <!DOCTYPE html>
<html lang=en>
  <meta charset=utf-8>
  <meta name=viewport content="initial-scale=1, minimum-scale=1, width=device-width">
  <title>Error 404 (Not Found)!!1</title>
  <style>
    *{margin:0;padding:0}html,code{font:15px/22px arial,sans-serif}html{background:#fff;color:#222;padding:15px}body{margin:7% auto 0;max-width:390px;min-height:180px;padding:30px 0 15px}* > body{background:url(//www.google.com/images/errors/robot.png) 100% 5px no-repeat;padding-right:205px}p{margin:11px 0 22px;overflow:hidden}ins{color:#777;text-decoration:none}a img{border:0}@media screen and (max-width:772px){body{background:none;margin-top:0;max-width:none;padding-right:0}}#logo{background:url(//www.google.com/images/branding/googlelogo/1x/googlelogo_color_150x54dp.png) no-repeat;margin-left:-5px}@media only screen and (min-resolution:192dpi){#logo{background:url(//www.google.com/images/branding/googlelogo/2x/googlelogo_color_150x54dp.png) no-repeat 0% 0%/100% 100%;-moz-border-image:url(//www.google.com/images/branding/googlelogo/2x/googlelogo_color_150x54dp.png) 0}}@media only screen and (-webkit-min-device-pixel-ratio:2){#logo{background:url(//www.google.com/images/branding/googlelogo/2x/googlelogo_color_150x54dp.png) no-repeat;-webkit-background-size:100% 100%}}#logo{display:inline-block;height:54px;width:150px}
  </style>
  <a href=//www.google.com/><span id=logo aria-label=Google></span></a>
  <p><b>404.</b> <ins>That’s an error.</ins>
  <p>The requested URL <code>/v1alpha/projects/siem-production-2/locations/northamerica-northeast2/instances/87bb0359-c967-420b-952c-3956c9bdc3d3/rules:verify</code> was not found on this server.  <ins>That’s all we know.</ins>

2025-09-16 09:20:33,618 - WARNING - Rule verification endpoint not available (404), proceeding without verification
2025-09-16 09:20:34,690 - ERROR - Error creating detection: Failed to create rule: {
  "error": {
    "code": 403,
    "message": "Permission 'chronicle.rules.create' denied on resource '//chronicle.googleapis.com/projects/siem-production-2/locations/northamerica-northeast2/instances/87bb0359-c967-420b-952c-3956c9bdc3d3' (or it may not exist).",
    "status": "PERMISSION_DENIED",
    "details": [
      {
        "@type": "type.googleapis.com/google.rpc.ErrorInfo",
        "reason": "IAM_PERMISSION_DENIED",
        "domain": "chronicle.googleapis.com",
        "metadata": {
          "resource": "projects/siem-production-2/locations/northamerica-northeast2/instances/87bb0359-c967-420b-952c-3956c9bdc3d3",
          "permission": "chronicle.rules.create"
        }
      }
    ]
  }
}

2025-09-16 09:20:34,690 - ERROR - Failed to deploy google_workspace_encryption_key_files_accessed_by_anonymous_user: Failed to create rule: {
  "error": {
    "code": 403,
    "message": "Permission 'chronicle.rules.create' denied on resource '//chronicle.googleapis.com/projects/siem-production-2/locations/northamerica-northeast2/instances/87bb0359-c967-420b-952c-3956c9bdc3d3' (or it may not exist).",
    "status": "PERMISSION_DENIED",
    "details": [
      {
        "@type": "type.googleapis.com/google.rpc.ErrorInfo",
        "reason": "IAM_PERMISSION_DENIED",
        "domain": "chronicle.googleapis.com",
        "metadata": {
          "resource": "projects/siem-production-2/locations/northamerica-northeast2/instances/87bb0359-c967-420b-952c-3956c9bdc3d3",
          "permission": "chronicle.rules.create"
        }
      }
    ]
  }
}

2025-09-16 09:20:34,690 - INFO - Rule syntax validation passed
2025-09-16 09:20:34,783 - ERROR - Rule verification failed: <!DOCTYPE html>
<html lang=en>
  <meta charset=utf-8>
  <meta name=viewport content="initial-scale=1, minimum-scale=1, width=device-width">
  <title>Error 404 (Not Found)!!1</title>
  <style>
    *{margin:0;padding:0}html,code{font:15px/22px arial,sans-serif}html{background:#fff;color:#222;padding:15px}body{margin:7% auto 0;max-width:390px;min-height:180px;padding:30px 0 15px}* > body{background:url(//www.google.com/images/errors/robot.png) 100% 5px no-repeat;padding-right:205px}p{margin:11px 0 22px;overflow:hidden}ins{color:#777;text-decoration:none}a img{border:0}@media screen and (max-width:772px){body{background:none;margin-top:0;max-width:none;padding-right:0}}#logo{background:url(//www.google.com/images/branding/googlelogo/1x/googlelogo_color_150x54dp.png) no-repeat;margin-left:-5px}@media only screen and (min-resolution:192dpi){#logo{background:url(//www.google.com/images/branding/googlelogo/2x/googlelogo_color_150x54dp.png) no-repeat 0% 0%/100% 100%;-moz-border-image:url(//www.google.com/images/branding/googlelogo/2x/googlelogo_color_150x54dp.png) 0}}@media only screen and (-webkit-min-device-pixel-ratio:2){#logo{background:url(//www.google.com/images/branding/googlelogo/2x/googlelogo_color_150x54dp.png) no-repeat;-webkit-background-size:100% 100%}}#logo{display:inline-block;height:54px;width:150px}
  </style>
  <a href=//www.google.com/><span id=logo aria-label=Google></span></a>
  <p><b>404.</b> <ins>That’s an error.</ins>
  <p>The requested URL <code>/v1alpha/projects/siem-production-2/locations/northamerica-northeast2/instances/87bb0359-c967-420b-952c-3956c9bdc3d3/rules:verify</code> was not found on this server.  <ins>That’s all we know.</ins>

2025-09-16 09:20:34,783 - WARNING - Rule verification endpoint not available (404), proceeding without verification
2025-09-16 09:20:34,877 - ERROR - Error creating detection: Failed to create rule: {
  "error": {
    "code": 403,
    "message": "Permission 'chronicle.rules.create' denied on resource '//chronicle.googleapis.com/projects/siem-production-2/locations/northamerica-northeast2/instances/87bb0359-c967-420b-952c-3956c9bdc3d3' (or it may not exist).",
    "status": "PERMISSION_DENIED",
    "details": [
      {
        "@type": "type.googleapis.com/google.rpc.ErrorInfo",
        "reason": "IAM_PERMISSION_DENIED",
        "domain": "chronicle.googleapis.com",
        "metadata": {
          "resource": "projects/siem-production-2/locations/northamerica-northeast2/instances/87bb0359-c967-420b-952c-3956c9bdc3d3",
          "permission": "chronicle.rules.create"
        }
      }
    ]
  }
}

2025-09-16 09:20:34,877 - ERROR - Failed to deploy google_workspace_user_unsuspended: Failed to create rule: {
  "error": {
    "code": 403,
    "message": "Permission 'chronicle.rules.create' denied on resource '//chronicle.googleapis.com/projects/siem-production-2/locations/northamerica-northeast2/instances/87bb0359-c967-420b-952c-3956c9bdc3d3' (or it may not exist).",
    "status": "PERMISSION_DENIED",
    "details": [
      {
        "@type": "type.googleapis.com/google.rpc.ErrorInfo",
        "reason": "IAM_PERMISSION_DENIED",
        "domain": "chronicle.googleapis.com",
        "metadata": {
          "resource": "projects/siem-production-2/locations/northamerica-northeast2/instances/87bb0359-c967-420b-952c-3956c9bdc3d3",
          "permission": "chronicle.rules.create"
        }
      }
    ]
  }
}

2025-09-16 09:20:34,877 - INFO - Rule syntax validation passed
2025-09-16 09:20:34,963 - ERROR - Rule verification failed: <!DOCTYPE html>
<html lang=en>
  <meta charset=utf-8>
  <meta name=viewport content="initial-scale=1, minimum-scale=1, width=device-width">
  <title>Error 404 (Not Found)!!1</title>
  <style>
    *{margin:0;padding:0}html,code{font:15px/22px arial,sans-serif}html{background:#fff;color:#222;padding:15px}body{margin:7% auto 0;max-width:390px;min-height:180px;padding:30px 0 15px}* > body{background:url(//www.google.com/images/errors/robot.png) 100% 5px no-repeat;padding-right:205px}p{margin:11px 0 22px;overflow:hidden}ins{color:#777;text-decoration:none}a img{border:0}@media screen and (max-width:772px){body{background:none;margin-top:0;max-width:none;padding-right:0}}#logo{background:url(//www.google.com/images/branding/googlelogo/1x/googlelogo_color_150x54dp.png) no-repeat;margin-left:-5px}@media only screen and (min-resolution:192dpi){#logo{background:url(//www.google.com/images/branding/googlelogo/2x/googlelogo_color_150x54dp.png) no-repeat 0% 0%/100% 100%;-moz-border-image:url(//www.google.com/images/branding/googlelogo/2x/googlelogo_color_150x54dp.png) 0}}@media only screen and (-webkit-min-device-pixel-ratio:2){#logo{background:url(//www.google.com/images/branding/googlelogo/2x/googlelogo_color_150x54dp.png) no-repeat;-webkit-background-size:100% 100%}}#logo{display:inline-block;height:54px;width:150px}
  </style>
  <a href=//www.google.com/><span id=logo aria-label=Google></span></a>
  <p><b>404.</b> <ins>That’s an error.</ins>
  <p>The requested URL <code>/v1alpha/projects/siem-production-2/locations/northamerica-northeast2/instances/87bb0359-c967-420b-952c-3956c9bdc3d3/rules:verify</code> was not found on this server.  <ins>That’s all we know.</ins>

2025-09-16 09:20:34,963 - WARNING - Rule verification endpoint not available (404), proceeding without verification
2025-09-16 09:20:36,033 - ERROR - Error creating detection: Failed to create rule: {
  "error": {
    "code": 403,
    "message": "Permission 'chronicle.rules.create' denied on resource '//chronicle.googleapis.com/projects/siem-production-2/locations/northamerica-northeast2/instances/87bb0359-c967-420b-952c-3956c9bdc3d3' (or it may not exist).",
    "status": "PERMISSION_DENIED",
    "details": [
      {
        "@type": "type.googleapis.com/google.rpc.ErrorInfo",
        "reason": "IAM_PERMISSION_DENIED",
        "domain": "chronicle.googleapis.com",
        "metadata": {
          "resource": "projects/siem-production-2/locations/northamerica-northeast2/instances/87bb0359-c967-420b-952c-3956c9bdc3d3",
          "permission": "chronicle.rules.create"
        }
      }
    ]
  }
}

2025-09-16 09:20:36,034 - ERROR - Failed to deploy chrome_browser_safe_browsing_user_bypass: Failed to create rule: {
  "error": {
    "code": 403,
    "message": "Permission 'chronicle.rules.create' denied on resource '//chronicle.googleapis.com/projects/siem-production-2/locations/northamerica-northeast2/instances/87bb0359-c967-420b-952c-3956c9bdc3d3' (or it may not exist).",
    "status": "PERMISSION_DENIED",
    "details": [
      {
        "@type": "type.googleapis.com/google.rpc.ErrorInfo",
        "reason": "IAM_PERMISSION_DENIED",
        "domain": "chronicle.googleapis.com",
        "metadata": {
          "resource": "projects/siem-production-2/locations/northamerica-northeast2/instances/87bb0359-c967-420b-952c-3956c9bdc3d3",
          "permission": "chronicle.rules.create"
        }
      }
    ]
  }
}

2025-09-16 09:20:36,034 - INFO - Rule syntax validation passed
2025-09-16 09:20:36,119 - ERROR - Rule verification failed: <!DOCTYPE html>
<html lang=en>
  <meta charset=utf-8>
  <meta name=viewport content="initial-scale=1, minimum-scale=1, width=device-width">
  <title>Error 404 (Not Found)!!1</title>
  <style>
    *{margin:0;padding:0}html,code{font:15px/22px arial,sans-serif}html{background:#fff;color:#222;padding:15px}body{margin:7% auto 0;max-width:390px;min-height:180px;padding:30px 0 15px}* > body{background:url(//www.google.com/images/errors/robot.png) 100% 5px no-repeat;padding-right:205px}p{margin:11px 0 22px;overflow:hidden}ins{color:#777;text-decoration:none}a img{border:0}@media screen and (max-width:772px){body{background:none;margin-top:0;max-width:none;padding-right:0}}#logo{background:url(//www.google.com/images/branding/googlelogo/1x/googlelogo_color_150x54dp.png) no-repeat;margin-left:-5px}@media only screen and (min-resolution:192dpi){#logo{background:url(//www.google.com/images/branding/googlelogo/2x/googlelogo_color_150x54dp.png) no-repeat 0% 0%/100% 100%;-moz-border-image:url(//www.google.com/images/branding/googlelogo/2x/googlelogo_color_150x54dp.png) 0}}@media only screen and (-webkit-min-device-pixel-ratio:2){#logo{background:url(//www.google.com/images/branding/googlelogo/2x/googlelogo_color_150x54dp.png) no-repeat;-webkit-background-size:100% 100%}}#logo{display:inline-block;height:54px;width:150px}
  </style>
  <a href=//www.google.com/><span id=logo aria-label=Google></span></a>
  <p><b>404.</b> <ins>That’s an error.</ins>
  <p>The requested URL <code>/v1alpha/projects/siem-production-2/locations/northamerica-northeast2/instances/87bb0359-c967-420b-952c-3956c9bdc3d3/rules:verify</code> was not found on this server.  <ins>That’s all we know.</ins>

2025-09-16 09:20:36,120 - WARNING - Rule verification endpoint not available (404), proceeding without verification
2025-09-16 09:37:24,755 - INFO - Successfully authenticated with Chronicle API (Region: northamerica-northeast2)
2025-09-16 09:37:24,779 - INFO - Loaded 167 local detection rules
2025-09-16 09:53:25,446 - INFO - Successfully authenticated with Chronicle API (Region: northamerica-northeast2)
2025-09-16 09:53:25,470 - INFO - Loaded 167 local detection rules
2025-09-16 09:53:26,087 - INFO - Retrieved 100 rules from Chronicle
